{"/home/praseethaku/Documents/Calculator/promotioncalculator/Frontend/src/App.jsx": {"path":"/home/praseethaku/Documents/Calculator/promotioncalculator/Frontend/src/App.jsx","statementMap":{"0":{"start":{"line":11,"column":34},"end":{"line":11,"column":null}},"1":{"start":{"line":12,"column":52},"end":{"line":12,"column":null}},"2":{"start":{"line":13,"column":34},"end":{"line":13,"column":null}},"3":{"start":{"line":14,"column":38},"end":{"line":14,"column":null}},"4":{"start":{"line":15,"column":34},"end":{"line":15,"column":null}},"5":{"start":{"line":16,"column":42},"end":{"line":16,"column":null}},"6":{"start":{"line":17,"column":44},"end":{"line":17,"column":null}},"7":{"start":{"line":18,"column":52},"end":{"line":18,"column":null}},"8":{"start":{"line":19,"column":58},"end":{"line":19,"column":null}},"9":{"start":{"line":21,"column":34},"end":{"line":21,"column":null}},"10":{"start":{"line":22,"column":52},"end":{"line":22,"column":null}},"11":{"start":{"line":23,"column":46},"end":{"line":23,"column":null}},"12":{"start":{"line":24,"column":44},"end":{"line":24,"column":null}},"13":{"start":{"line":25,"column":40},"end":{"line":25,"column":null}},"14":{"start":{"line":27,"column":26},"end":{"line":63,"column":null}},"15":{"start":{"line":28,"column":4},"end":{"line":28,"column":null}},"16":{"start":{"line":29,"column":4},"end":{"line":29,"column":null}},"17":{"start":{"line":29,"column":47},"end":{"line":29,"column":null}},"18":{"start":{"line":30,"column":4},"end":{"line":62,"column":null}},"19":{"start":{"line":31,"column":22},"end":{"line":35,"column":null}},"20":{"start":{"line":33,"column":34},"end":{"line":33,"column":77}},"21":{"start":{"line":36,"column":21},"end":{"line":36,"column":null}},"22":{"start":{"line":37,"column":6},"end":{"line":37,"column":null}},"23":{"start":{"line":38,"column":6},"end":{"line":38,"column":null}},"24":{"start":{"line":39,"column":6},"end":{"line":39,"column":null}},"25":{"start":{"line":40,"column":6},"end":{"line":40,"column":null}},"26":{"start":{"line":41,"column":6},"end":{"line":41,"column":null}},"27":{"start":{"line":44,"column":6},"end":{"line":55,"column":null}},"28":{"start":{"line":45,"column":21},"end":{"line":45,"column":null}},"29":{"start":{"line":45,"column":40},"end":{"line":45,"column":64}},"30":{"start":{"line":46,"column":8},"end":{"line":54,"column":null}},"31":{"start":{"line":56,"column":6},"end":{"line":56,"column":null}},"32":{"start":{"line":57,"column":6},"end":{"line":57,"column":null}},"33":{"start":{"line":58,"column":6},"end":{"line":58,"column":null}},"34":{"start":{"line":60,"column":6},"end":{"line":60,"column":null}},"35":{"start":{"line":61,"column":6},"end":{"line":61,"column":null}},"36":{"start":{"line":65,"column":30},"end":{"line":79,"column":null}},"37":{"start":{"line":66,"column":4},"end":{"line":66,"column":null}},"38":{"start":{"line":67,"column":4},"end":{"line":67,"column":null}},"39":{"start":{"line":67,"column":64},"end":{"line":67,"column":null}},"40":{"start":{"line":68,"column":4},"end":{"line":78,"column":null}},"41":{"start":{"line":69,"column":22},"end":{"line":72,"column":null}},"42":{"start":{"line":71,"column":34},"end":{"line":71,"column":77}},"43":{"start":{"line":73,"column":21},"end":{"line":73,"column":null}},"44":{"start":{"line":74,"column":6},"end":{"line":74,"column":null}},"45":{"start":{"line":76,"column":6},"end":{"line":76,"column":null}},"46":{"start":{"line":77,"column":6},"end":{"line":77,"column":null}},"47":{"start":{"line":81,"column":8},"end":{"line":92,"column":null}},"48":{"start":{"line":82,"column":4},"end":{"line":82,"column":null}},"49":{"start":{"line":83,"column":4},"end":{"line":83,"column":null}},"50":{"start":{"line":84,"column":4},"end":{"line":84,"column":null}},"51":{"start":{"line":85,"column":4},"end":{"line":85,"column":null}},"52":{"start":{"line":86,"column":4},"end":{"line":86,"column":null}},"53":{"start":{"line":87,"column":4},"end":{"line":87,"column":null}},"54":{"start":{"line":88,"column":4},"end":{"line":88,"column":null}},"55":{"start":{"line":89,"column":4},"end":{"line":89,"column":null}},"56":{"start":{"line":90,"column":4},"end":{"line":90,"column":null}},"57":{"start":{"line":91,"column":4},"end":{"line":91,"column":null}},"58":{"start":{"line":94,"column":8},"end":{"line":97,"column":null}},"59":{"start":{"line":95,"column":4},"end":{"line":95,"column":null}},"60":{"start":{"line":96,"column":4},"end":{"line":96,"column":null}},"61":{"start":{"line":99,"column":8},"end":{"line":102,"column":null}},"62":{"start":{"line":100,"column":4},"end":{"line":100,"column":null}},"63":{"start":{"line":101,"column":4},"end":{"line":101,"column":null}},"64":{"start":{"line":104,"column":8},"end":{"line":119,"column":null}},"65":{"start":{"line":105,"column":4},"end":{"line":105,"column":null}},"66":{"start":{"line":106,"column":4},"end":{"line":106,"column":null}},"67":{"start":{"line":109,"column":4},"end":{"line":109,"column":null}},"68":{"start":{"line":110,"column":4},"end":{"line":110,"column":null}},"69":{"start":{"line":111,"column":4},"end":{"line":111,"column":null}},"70":{"start":{"line":112,"column":4},"end":{"line":112,"column":null}},"71":{"start":{"line":113,"column":4},"end":{"line":113,"column":null}},"72":{"start":{"line":114,"column":4},"end":{"line":114,"column":null}},"73":{"start":{"line":115,"column":4},"end":{"line":115,"column":null}},"74":{"start":{"line":116,"column":4},"end":{"line":116,"column":null}},"75":{"start":{"line":117,"column":4},"end":{"line":117,"column":null}},"76":{"start":{"line":118,"column":4},"end":{"line":118,"column":null}},"77":{"start":{"line":121,"column":2},"end":{"line":158,"column":null}}},"fnMap":{"0":{"name":"App","decl":{"start":{"line":10,"column":9},"end":{"line":10,"column":15}},"loc":{"start":{"line":10,"column":15},"end":{"line":160,"column":null}},"line":10},"1":{"name":"(anonymous_1)","decl":{"start":{"line":27,"column":26},"end":{"line":27,"column":38}},"loc":{"start":{"line":27,"column":38},"end":{"line":63,"column":null}},"line":27},"2":{"name":"(anonymous_2)","decl":{"start":{"line":33,"column":24},"end":{"line":33,"column":28}},"loc":{"start":{"line":33,"column":34},"end":{"line":33,"column":77}},"line":33},"3":{"name":"(anonymous_3)","decl":{"start":{"line":44,"column":31},"end":{"line":44,"column":35}},"loc":{"start":{"line":44,"column":43},"end":{"line":55,"column":7}},"line":44},"4":{"name":"(anonymous_4)","decl":{"start":{"line":45,"column":30},"end":{"line":45,"column":35}},"loc":{"start":{"line":45,"column":40},"end":{"line":45,"column":64}},"line":45},"5":{"name":"(anonymous_5)","decl":{"start":{"line":65,"column":30},"end":{"line":65,"column":42}},"loc":{"start":{"line":65,"column":42},"end":{"line":79,"column":null}},"line":65},"6":{"name":"(anonymous_6)","decl":{"start":{"line":71,"column":24},"end":{"line":71,"column":28}},"loc":{"start":{"line":71,"column":34},"end":{"line":71,"column":77}},"line":71},"7":{"name":"(anonymous_7)","decl":{"start":{"line":81,"column":8},"end":{"line":81,"column":32}},"loc":{"start":{"line":81,"column":32},"end":{"line":92,"column":null}},"line":81},"8":{"name":"(anonymous_8)","decl":{"start":{"line":94,"column":8},"end":{"line":94,"column":32}},"loc":{"start":{"line":94,"column":48},"end":{"line":97,"column":null}},"line":94},"9":{"name":"(anonymous_9)","decl":{"start":{"line":99,"column":8},"end":{"line":99,"column":30}},"loc":{"start":{"line":99,"column":39},"end":{"line":102,"column":null}},"line":99},"10":{"name":"(anonymous_10)","decl":{"start":{"line":104,"column":8},"end":{"line":104,"column":32}},"loc":{"start":{"line":104,"column":41},"end":{"line":119,"column":null}},"line":104}},"branchMap":{"0":{"loc":{"start":{"line":29,"column":4},"end":{"line":29,"column":null}},"type":"if","locations":[{"start":{"line":29,"column":4},"end":{"line":29,"column":null}},{"start":{},"end":{}}],"line":29},"1":{"loc":{"start":{"line":29,"column":8},"end":{"line":29,"column":47}},"type":"binary-expr","locations":[{"start":{"line":29,"column":8},"end":{"line":29,"column":24}},{"start":{"line":29,"column":24},"end":{"line":29,"column":47}}],"line":29},"2":{"loc":{"start":{"line":34,"column":21},"end":{"line":34,"column":null}},"type":"binary-expr","locations":[{"start":{"line":34,"column":21},"end":{"line":34,"column":35}},{"start":{"line":34,"column":35},"end":{"line":34,"column":null}}],"line":34},"3":{"loc":{"start":{"line":56,"column":27},"end":{"line":56,"column":58}},"type":"binary-expr","locations":[{"start":{"line":56,"column":27},"end":{"line":56,"column":56}},{"start":{"line":56,"column":56},"end":{"line":56,"column":58}}],"line":56},"4":{"loc":{"start":{"line":57,"column":30},"end":{"line":57,"column":65}},"type":"binary-expr","locations":[{"start":{"line":57,"column":30},"end":{"line":57,"column":63}},{"start":{"line":57,"column":63},"end":{"line":57,"column":65}}],"line":57},"5":{"loc":{"start":{"line":67,"column":4},"end":{"line":67,"column":null}},"type":"if","locations":[{"start":{"line":67,"column":4},"end":{"line":67,"column":null}},{"start":{},"end":{}}],"line":67},"6":{"loc":{"start":{"line":67,"column":8},"end":{"line":67,"column":64}},"type":"binary-expr","locations":[{"start":{"line":67,"column":8},"end":{"line":67,"column":24}},{"start":{"line":67,"column":24},"end":{"line":67,"column":49}},{"start":{"line":67,"column":49},"end":{"line":67,"column":64}}],"line":67},"7":{"loc":{"start":{"line":133,"column":11},"end":{"line":136,"column":null}},"type":"binary-expr","locations":[{"start":{"line":133,"column":11},"end":{"line":133,"column":null}},{"start":{"line":134,"column":12},"end":{"line":136,"column":null}}],"line":133}},"s":{"0":19,"1":19,"2":19,"3":19,"4":19,"5":19,"6":19,"7":19,"8":19,"9":19,"10":19,"11":19,"12":19,"13":19,"14":19,"15":3,"16":3,"17":0,"18":3,"19":3,"20":3,"21":3,"22":2,"23":2,"24":2,"25":2,"26":2,"27":2,"28":2,"29":2,"30":2,"31":2,"32":3,"33":3,"34":1,"35":1,"36":19,"37":2,"38":2,"39":0,"40":2,"41":2,"42":2,"43":2,"44":1,"45":1,"46":1,"47":19,"48":0,"49":0,"50":0,"51":0,"52":0,"53":0,"54":0,"55":0,"56":0,"57":0,"58":19,"59":3,"60":3,"61":19,"62":0,"63":0,"64":19,"65":3,"66":3,"67":3,"68":3,"69":3,"70":3,"71":3,"72":3,"73":3,"74":3,"75":3,"76":3,"77":19},"f":{"0":19,"1":3,"2":3,"3":2,"4":2,"5":2,"6":2,"7":0,"8":3,"9":0,"10":3},"b":{"0":[0,3],"1":[3,3],"2":[3,3],"3":[2,0],"4":[3,0],"5":[0,2],"6":[2,2,2],"7":[19,2]},"meta":{"lastBranch":8,"lastFunction":11,"lastStatement":78,"seen":{"f:10:9:10:15":0,"s:11:34:11:Infinity":0,"s:12:52:12:Infinity":1,"s:13:34:13:Infinity":2,"s:14:38:14:Infinity":3,"s:15:34:15:Infinity":4,"s:16:42:16:Infinity":5,"s:17:44:17:Infinity":6,"s:18:52:18:Infinity":7,"s:19:58:19:Infinity":8,"s:21:34:21:Infinity":9,"s:22:52:22:Infinity":10,"s:23:46:23:Infinity":11,"s:24:44:24:Infinity":12,"s:25:40:25:Infinity":13,"s:27:26:63:Infinity":14,"f:27:26:27:38":1,"s:28:4:28:Infinity":15,"b:29:4:29:Infinity:undefined:undefined:undefined:undefined":0,"s:29:4:29:Infinity":16,"b:29:8:29:24:29:24:29:47":1,"s:29:47:29:Infinity":17,"s:30:4:62:Infinity":18,"s:31:22:35:Infinity":19,"f:33:24:33:28":2,"s:33:34:33:77":20,"b:34:21:34:35:34:35:34:Infinity":2,"s:36:21:36:Infinity":21,"s:37:6:37:Infinity":22,"s:38:6:38:Infinity":23,"s:39:6:39:Infinity":24,"s:40:6:40:Infinity":25,"s:41:6:41:Infinity":26,"s:44:6:55:Infinity":27,"f:44:31:44:35":3,"s:45:21:45:Infinity":28,"f:45:30:45:35":4,"s:45:40:45:64":29,"s:46:8:54:Infinity":30,"s:56:6:56:Infinity":31,"b:56:27:56:56:56:56:56:58":3,"s:57:6:57:Infinity":32,"b:57:30:57:63:57:63:57:65":4,"s:58:6:58:Infinity":33,"s:60:6:60:Infinity":34,"s:61:6:61:Infinity":35,"s:65:30:79:Infinity":36,"f:65:30:65:42":5,"s:66:4:66:Infinity":37,"b:67:4:67:Infinity:undefined:undefined:undefined:undefined":5,"s:67:4:67:Infinity":38,"b:67:8:67:24:67:24:67:49:67:49:67:64":6,"s:67:64:67:Infinity":39,"s:68:4:78:Infinity":40,"s:69:22:72:Infinity":41,"f:71:24:71:28":6,"s:71:34:71:77":42,"s:73:21:73:Infinity":43,"s:74:6:74:Infinity":44,"s:76:6:76:Infinity":45,"s:77:6:77:Infinity":46,"s:81:8:92:Infinity":47,"f:81:8:81:32":7,"s:82:4:82:Infinity":48,"s:83:4:83:Infinity":49,"s:84:4:84:Infinity":50,"s:85:4:85:Infinity":51,"s:86:4:86:Infinity":52,"s:87:4:87:Infinity":53,"s:88:4:88:Infinity":54,"s:89:4:89:Infinity":55,"s:90:4:90:Infinity":56,"s:91:4:91:Infinity":57,"s:94:8:97:Infinity":58,"f:94:8:94:32":8,"s:95:4:95:Infinity":59,"s:96:4:96:Infinity":60,"s:99:8:102:Infinity":61,"f:99:8:99:30":9,"s:100:4:100:Infinity":62,"s:101:4:101:Infinity":63,"s:104:8:119:Infinity":64,"f:104:8:104:32":10,"s:105:4:105:Infinity":65,"s:106:4:106:Infinity":66,"s:109:4:109:Infinity":67,"s:110:4:110:Infinity":68,"s:111:4:111:Infinity":69,"s:112:4:112:Infinity":70,"s:113:4:113:Infinity":71,"s:114:4:114:Infinity":72,"s:115:4:115:Infinity":73,"s:116:4:116:Infinity":74,"s:117:4:117:Infinity":75,"s:118:4:118:Infinity":76,"s:121:2:158:Infinity":77,"b:133:11:133:Infinity:134:12:136:Infinity":7},"fnNames":{}}}
,"/home/praseethaku/Documents/Calculator/promotioncalculator/Frontend/src/components/AddProducts.jsx": {"path":"/home/praseethaku/Documents/Calculator/promotioncalculator/Frontend/src/components/AddProducts.jsx","statementMap":{"0":{"start":{"line":2,"column":8},"end":{"line":22,"column":null}},"1":{"start":{"line":3,"column":22},"end":{"line":3,"column":null}},"2":{"start":{"line":4,"column":4},"end":{"line":4,"column":null}},"3":{"start":{"line":4,"column":20},"end":{"line":4,"column":null}},"4":{"start":{"line":7,"column":4},"end":{"line":7,"column":null}},"5":{"start":{"line":10,"column":4},"end":{"line":10,"column":null}},"6":{"start":{"line":10,"column":27},"end":{"line":10,"column":45}},"7":{"start":{"line":10,"column":48},"end":{"line":10,"column":null}},"8":{"start":{"line":12,"column":17},"end":{"line":12,"column":null}},"9":{"start":{"line":12,"column":45},"end":{"line":12,"column":63}},"10":{"start":{"line":13,"column":4},"end":{"line":21,"column":null}},"11":{"start":{"line":14,"column":6},"end":{"line":20,"column":null}},"12":{"start":{"line":24,"column":8},"end":{"line":32,"column":null}},"13":{"start":{"line":25,"column":4},"end":{"line":31,"column":null}},"14":{"start":{"line":26,"column":6},"end":{"line":29,"column":null}},"15":{"start":{"line":27,"column":28},"end":{"line":27,"column":null}},"16":{"start":{"line":28,"column":8},"end":{"line":28,"column":null}},"17":{"start":{"line":30,"column":6},"end":{"line":30,"column":null}},"18":{"start":{"line":34,"column":8},"end":{"line":36,"column":null}},"19":{"start":{"line":35,"column":4},"end":{"line":35,"column":null}},"20":{"start":{"line":35,"column":37},"end":{"line":35,"column":55}},"21":{"start":{"line":38,"column":2},"end":{"line":108,"column":null}},"22":{"start":{"line":50,"column":14},"end":{"line":50,"column":null}},"23":{"start":{"line":75,"column":14},"end":{"line":103,"column":null}},"24":{"start":{"line":85,"column":47},"end":{"line":85,"column":78}},"25":{"start":{"line":88,"column":47},"end":{"line":88,"column":79}},"26":{"start":{"line":97,"column":41},"end":{"line":97,"column":68}}},"fnMap":{"0":{"name":"AddProducts","decl":{"start":{"line":1,"column":24},"end":{"line":1,"column":36}},"loc":{"start":{"line":1,"column":82},"end":{"line":110,"column":null}},"line":1},"1":{"name":"(anonymous_1)","decl":{"start":{"line":2,"column":8},"end":{"line":2,"column":21}},"loc":{"start":{"line":2,"column":27},"end":{"line":22,"column":null}},"line":2},"2":{"name":"(anonymous_2)","decl":{"start":{"line":10,"column":17},"end":{"line":10,"column":22}},"loc":{"start":{"line":10,"column":27},"end":{"line":10,"column":45}},"line":10},"3":{"name":"(anonymous_3)","decl":{"start":{"line":12,"column":35},"end":{"line":12,"column":40}},"loc":{"start":{"line":12,"column":45},"end":{"line":12,"column":63}},"line":12},"4":{"name":"(anonymous_4)","decl":{"start":{"line":24,"column":8},"end":{"line":24,"column":26}},"loc":{"start":{"line":24,"column":48},"end":{"line":32,"column":null}},"line":24},"5":{"name":"(anonymous_5)","decl":{"start":{"line":25,"column":25},"end":{"line":25,"column":29}},"loc":{"start":{"line":25,"column":34},"end":{"line":31,"column":5}},"line":25},"6":{"name":"(anonymous_6)","decl":{"start":{"line":34,"column":8},"end":{"line":34,"column":25}},"loc":{"start":{"line":34,"column":39},"end":{"line":36,"column":null}},"line":34},"7":{"name":"(anonymous_7)","decl":{"start":{"line":35,"column":25},"end":{"line":35,"column":32}},"loc":{"start":{"line":35,"column":37},"end":{"line":35,"column":55}},"line":35},"8":{"name":"(anonymous_8)","decl":{"start":{"line":49,"column":31},"end":{"line":49,"column":35}},"loc":{"start":{"line":50,"column":14},"end":{"line":50,"column":null}},"line":50},"9":{"name":"(anonymous_9)","decl":{"start":{"line":74,"column":22},"end":{"line":74,"column":27}},"loc":{"start":{"line":75,"column":14},"end":{"line":103,"column":null}},"line":75},"10":{"name":"(anonymous_10)","decl":{"start":{"line":85,"column":32},"end":{"line":85,"column":47}},"loc":{"start":{"line":85,"column":47},"end":{"line":85,"column":78}},"line":85},"11":{"name":"(anonymous_11)","decl":{"start":{"line":88,"column":32},"end":{"line":88,"column":47}},"loc":{"start":{"line":88,"column":47},"end":{"line":88,"column":79}},"line":88},"12":{"name":"(anonymous_12)","decl":{"start":{"line":97,"column":26},"end":{"line":97,"column":41}},"loc":{"start":{"line":97,"column":41},"end":{"line":97,"column":68}},"line":97}},"branchMap":{"0":{"loc":{"start":{"line":4,"column":4},"end":{"line":4,"column":null}},"type":"if","locations":[{"start":{"line":4,"column":4},"end":{"line":4,"column":null}},{"start":{},"end":{}}],"line":4},"1":{"loc":{"start":{"line":10,"column":4},"end":{"line":10,"column":null}},"type":"if","locations":[{"start":{"line":10,"column":4},"end":{"line":10,"column":null}},{"start":{},"end":{}}],"line":10},"2":{"loc":{"start":{"line":13,"column":4},"end":{"line":21,"column":null}},"type":"if","locations":[{"start":{"line":13,"column":4},"end":{"line":21,"column":null}},{"start":{},"end":{}}],"line":13},"3":{"loc":{"start":{"line":26,"column":6},"end":{"line":29,"column":null}},"type":"if","locations":[{"start":{"line":26,"column":6},"end":{"line":29,"column":null}},{"start":{},"end":{}}],"line":26},"4":{"loc":{"start":{"line":42,"column":9},"end":{"line":58,"column":null}},"type":"cond-expr","locations":[{"start":{"line":43,"column":10},"end":{"line":54,"column":11}},{"start":{"line":54,"column":10},"end":{"line":58,"column":null}}],"line":42},"5":{"loc":{"start":{"line":42,"column":9},"end":{"line":42,"column":null}},"type":"binary-expr","locations":[{"start":{"line":42,"column":9},"end":{"line":42,"column":30}},{"start":{"line":42,"column":30},"end":{"line":42,"column":null}}],"line":42}},"s":{"0":20,"1":5,"2":5,"3":0,"4":5,"5":5,"6":1,"7":1,"8":4,"9":4,"10":4,"11":4,"12":20,"13":1,"14":1,"15":1,"16":1,"17":0,"18":20,"19":1,"20":1,"21":20,"22":21,"23":11,"24":1,"25":0,"26":1},"f":{"0":20,"1":5,"2":1,"3":4,"4":1,"5":1,"6":1,"7":1,"8":21,"9":11,"10":1,"11":0,"12":1},"b":{"0":[0,5],"1":[1,4],"2":[4,0],"3":[1,0],"4":[16,4],"5":[20,20]},"meta":{"lastBranch":6,"lastFunction":13,"lastStatement":27,"seen":{"f:1:24:1:36":0,"s:2:8:22:Infinity":0,"f:2:8:2:21":1,"s:3:22:3:Infinity":1,"b:4:4:4:Infinity:undefined:undefined:undefined:undefined":0,"s:4:4:4:Infinity":2,"s:4:20:4:Infinity":3,"s:7:4:7:Infinity":4,"b:10:4:10:Infinity:undefined:undefined:undefined:undefined":1,"s:10:4:10:Infinity":5,"f:10:17:10:22":2,"s:10:27:10:45":6,"s:10:48:10:Infinity":7,"s:12:17:12:Infinity":8,"f:12:35:12:40":3,"s:12:45:12:63":9,"b:13:4:21:Infinity:undefined:undefined:undefined:undefined":2,"s:13:4:21:Infinity":10,"s:14:6:20:Infinity":11,"s:24:8:32:Infinity":12,"f:24:8:24:26":4,"s:25:4:31:Infinity":13,"f:25:25:25:29":5,"b:26:6:29:Infinity:undefined:undefined:undefined:undefined":3,"s:26:6:29:Infinity":14,"s:27:28:27:Infinity":15,"s:28:8:28:Infinity":16,"s:30:6:30:Infinity":17,"s:34:8:36:Infinity":18,"f:34:8:34:25":6,"s:35:4:35:Infinity":19,"f:35:25:35:32":7,"s:35:37:35:55":20,"s:38:2:108:Infinity":21,"b:43:10:54:11:54:10:58:Infinity":4,"b:42:9:42:30:42:30:42:Infinity":5,"f:49:31:49:35":8,"s:50:14:50:Infinity":22,"f:74:22:74:27":9,"s:75:14:103:Infinity":23,"f:85:32:85:47":10,"s:85:47:85:78":24,"f:88:32:88:47":11,"s:88:47:88:79":25,"f:97:26:97:41":12,"s:97:41:97:68":26},"fnNames":{}}}
,"/home/praseethaku/Documents/Calculator/promotioncalculator/Frontend/src/components/AdditionalInfo.jsx": {"path":"/home/praseethaku/Documents/Calculator/promotioncalculator/Frontend/src/components/AdditionalInfo.jsx","statementMap":{"0":{"start":{"line":2,"column":2},"end":{"line":4,"column":null}},"1":{"start":{"line":3,"column":4},"end":{"line":3,"column":null}},"2":{"start":{"line":6,"column":2},"end":{"line":28,"column":null}},"3":{"start":{"line":17,"column":12},"end":{"line":19,"column":null}},"4":{"start":{"line":22,"column":12},"end":{"line":24,"column":null}}},"fnMap":{"0":{"name":"AdditionalInfo","decl":{"start":{"line":1,"column":24},"end":{"line":1,"column":39}},"loc":{"start":{"line":1,"column":94},"end":{"line":30,"column":null}},"line":1},"1":{"name":"(anonymous_1)","decl":{"start":{"line":16,"column":29},"end":{"line":16,"column":34}},"loc":{"start":{"line":17,"column":12},"end":{"line":19,"column":null}},"line":17},"2":{"name":"(anonymous_2)","decl":{"start":{"line":21,"column":32},"end":{"line":21,"column":37}},"loc":{"start":{"line":22,"column":12},"end":{"line":24,"column":null}},"line":22}},"branchMap":{"0":{"loc":{"start":{"line":1,"column":41},"end":{"line":1,"column":65}},"type":"default-arg","locations":[{"start":{"line":1,"column":61},"end":{"line":1,"column":65}}],"line":1},"1":{"loc":{"start":{"line":1,"column":65},"end":{"line":1,"column":94}},"type":"default-arg","locations":[{"start":{"line":1,"column":88},"end":{"line":1,"column":94}}],"line":1},"2":{"loc":{"start":{"line":2,"column":2},"end":{"line":4,"column":null}},"type":"if","locations":[{"start":{"line":2,"column":2},"end":{"line":4,"column":null}},{"start":{},"end":{}}],"line":2},"3":{"loc":{"start":{"line":2,"column":6},"end":{"line":2,"column":75}},"type":"binary-expr","locations":[{"start":{"line":2,"column":6},"end":{"line":2,"column":40}},{"start":{"line":2,"column":40},"end":{"line":2,"column":75}}],"line":2}},"s":{"0":15,"1":14,"2":1,"3":1,"4":1},"f":{"0":15,"1":1,"2":1},"b":{"0":[15],"1":[15],"2":[14,1],"3":[15,14]},"meta":{"lastBranch":4,"lastFunction":3,"lastStatement":5,"seen":{"f:1:24:1:39":0,"b:1:61:1:65":0,"b:1:88:1:94":1,"b:2:2:4:Infinity:undefined:undefined:undefined:undefined":2,"s:2:2:4:Infinity":0,"b:2:6:2:40:2:40:2:75":3,"s:3:4:3:Infinity":1,"s:6:2:28:Infinity":2,"f:16:29:16:34":1,"s:17:12:19:Infinity":3,"f:21:32:21:37":2,"s:22:12:24:Infinity":4},"fnNames":{}}}
,"/home/praseethaku/Documents/Calculator/promotioncalculator/Frontend/src/components/BillSummary.jsx": {"path":"/home/praseethaku/Documents/Calculator/promotioncalculator/Frontend/src/components/BillSummary.jsx","statementMap":{"0":{"start":{"line":19,"column":19},"end":{"line":19,"column":26}},"1":{"start":{"line":21,"column":22},"end":{"line":46,"column":null}},"2":{"start":{"line":22,"column":4},"end":{"line":22,"column":null}},"3":{"start":{"line":22,"column":27},"end":{"line":22,"column":null}},"4":{"start":{"line":23,"column":4},"end":{"line":45,"column":null}},"5":{"start":{"line":24,"column":22},"end":{"line":24,"column":null}},"6":{"start":{"line":25,"column":18},"end":{"line":25,"column":null}},"7":{"start":{"line":27,"column":23},"end":{"line":27,"column":null}},"8":{"start":{"line":30,"column":18},"end":{"line":30,"column":null}},"9":{"start":{"line":31,"column":6},"end":{"line":31,"column":null}},"10":{"start":{"line":32,"column":6},"end":{"line":32,"column":null}},"11":{"start":{"line":32,"column":39},"end":{"line":32,"column":61}},"12":{"start":{"line":34,"column":25},"end":{"line":34,"column":null}},"13":{"start":{"line":36,"column":6},"end":{"line":36,"column":null}},"14":{"start":{"line":37,"column":6},"end":{"line":37,"column":null}},"15":{"start":{"line":39,"column":6},"end":{"line":41,"column":null}},"16":{"start":{"line":40,"column":8},"end":{"line":40,"column":null}},"17":{"start":{"line":43,"column":6},"end":{"line":43,"column":null}},"18":{"start":{"line":44,"column":6},"end":{"line":44,"column":null}},"19":{"start":{"line":48,"column":2},"end":{"line":265,"column":null}},"20":{"start":{"line":133,"column":14},"end":{"line":164,"column":null}}},"fnMap":{"0":{"name":"BillSummary","decl":{"start":{"line":5,"column":24},"end":{"line":5,"column":36}},"loc":{"start":{"line":18,"column":3},"end":{"line":267,"column":null}},"line":18},"1":{"name":"(anonymous_1)","decl":{"start":{"line":21,"column":22},"end":{"line":21,"column":34}},"loc":{"start":{"line":21,"column":34},"end":{"line":46,"column":null}},"line":21},"2":{"name":"(anonymous_2)","decl":{"start":{"line":32,"column":16},"end":{"line":32,"column":25}},"loc":{"start":{"line":32,"column":37},"end":{"line":32,"column":62}},"line":32},"3":{"name":"(anonymous_3)","decl":{"start":{"line":132,"column":22},"end":{"line":132,"column":27}},"loc":{"start":{"line":133,"column":14},"end":{"line":164,"column":null}},"line":133}},"branchMap":{"0":{"loc":{"start":{"line":22,"column":4},"end":{"line":22,"column":null}},"type":"if","locations":[{"start":{"line":22,"column":4},"end":{"line":22,"column":null}},{"start":{},"end":{}}],"line":22},"1":{"loc":{"start":{"line":37,"column":26},"end":{"line":37,"column":50}},"type":"binary-expr","locations":[{"start":{"line":37,"column":26},"end":{"line":37,"column":43}},{"start":{"line":37,"column":43},"end":{"line":37,"column":50}}],"line":37},"2":{"loc":{"start":{"line":39,"column":6},"end":{"line":41,"column":null}},"type":"if","locations":[{"start":{"line":39,"column":6},"end":{"line":41,"column":null}},{"start":{},"end":{}}],"line":39},"3":{"loc":{"start":{"line":44,"column":42},"end":{"line":44,"column":72}},"type":"binary-expr","locations":[{"start":{"line":44,"column":42},"end":{"line":44,"column":57}},{"start":{"line":44,"column":57},"end":{"line":44,"column":72}}],"line":44},"4":{"loc":{"start":{"line":53,"column":11},"end":{"line":56,"column":null}},"type":"binary-expr","locations":[{"start":{"line":53,"column":11},"end":{"line":53,"column":null}},{"start":{"line":54,"column":12},"end":{"line":56,"column":null}}],"line":53},"5":{"loc":{"start":{"line":58,"column":19},"end":{"line":58,"column":null}},"type":"cond-expr","locations":[{"start":{"line":58,"column":35},"end":{"line":58,"column":49}},{"start":{"line":58,"column":49},"end":{"line":58,"column":null}}],"line":58},"6":{"loc":{"start":{"line":59,"column":113},"end":{"line":61,"column":null}},"type":"cond-expr","locations":[{"start":{"line":60,"column":16},"end":{"line":60,"column":null}},{"start":{"line":61,"column":16},"end":{"line":61,"column":null}}],"line":59},"7":{"loc":{"start":{"line":137,"column":19},"end":{"line":140,"column":null}},"type":"binary-expr","locations":[{"start":{"line":137,"column":19},"end":{"line":137,"column":null}},{"start":{"line":138,"column":20},"end":{"line":140,"column":null}}],"line":137},"8":{"loc":{"start":{"line":142,"column":19},"end":{"line":145,"column":null}},"type":"binary-expr","locations":[{"start":{"line":142,"column":19},"end":{"line":142,"column":null}},{"start":{"line":143,"column":20},"end":{"line":145,"column":null}}],"line":142},"9":{"loc":{"start":{"line":155,"column":21},"end":{"line":155,"column":null}},"type":"cond-expr","locations":[{"start":{"line":155,"column":40},"end":{"line":155,"column":76}},{"start":{"line":155,"column":76},"end":{"line":155,"column":null}}],"line":155},"10":{"loc":{"start":{"line":224,"column":59},"end":{"line":224,"column":118}},"type":"cond-expr","locations":[{"start":{"line":224,"column":76},"end":{"line":224,"column":110}},{"start":{"line":224,"column":110},"end":{"line":224,"column":118}}],"line":224},"11":{"loc":{"start":{"line":245,"column":9},"end":{"line":262,"column":null}},"type":"cond-expr","locations":[{"start":{"line":246,"column":10},"end":{"line":253,"column":11}},{"start":{"line":253,"column":10},"end":{"line":262,"column":null}}],"line":245},"12":{"loc":{"start":{"line":255,"column":22},"end":{"line":255,"column":null}},"type":"binary-expr","locations":[{"start":{"line":255,"column":22},"end":{"line":255,"column":47}},{"start":{"line":255,"column":47},"end":{"line":255,"column":null}}],"line":255},"13":{"loc":{"start":{"line":256,"column":79},"end":{"line":258,"column":null}},"type":"cond-expr","locations":[{"start":{"line":257,"column":16},"end":{"line":257,"column":null}},{"start":{"line":258,"column":16},"end":{"line":258,"column":null}}],"line":256},"14":{"loc":{"start":{"line":256,"column":79},"end":{"line":256,"column":null}},"type":"binary-expr","locations":[{"start":{"line":256,"column":79},"end":{"line":256,"column":104}},{"start":{"line":256,"column":104},"end":{"line":256,"column":null}}],"line":256}},"s":{"0":18,"1":18,"2":1,"3":0,"4":1,"5":1,"6":1,"7":1,"8":1,"9":1,"10":1,"11":0,"12":0,"13":0,"14":0,"15":1,"16":0,"17":1,"18":1,"19":18,"20":12},"f":{"0":18,"1":1,"2":0,"3":12},"b":{"0":[0,1],"1":[0,0],"2":[0,1],"3":[1,0],"4":[18,3],"5":[3,15],"6":[3,15],"7":[12,4],"8":[12,4],"9":[4,8],"10":[4,14],"11":[3,15],"12":[15,9],"13":[10,5],"14":[15,9]},"meta":{"lastBranch":15,"lastFunction":4,"lastStatement":21,"seen":{"f:5:24:5:36":0,"s:19:19:19:26":0,"s:21:22:46:Infinity":1,"f:21:22:21:34":1,"b:22:4:22:Infinity:undefined:undefined:undefined:undefined":0,"s:22:4:22:Infinity":2,"s:22:27:22:Infinity":3,"s:23:4:45:Infinity":4,"s:24:22:24:Infinity":5,"s:25:18:25:Infinity":6,"s:27:23:27:Infinity":7,"s:30:18:30:Infinity":8,"s:31:6:31:Infinity":9,"s:32:6:32:Infinity":10,"f:32:16:32:25":2,"s:32:39:32:61":11,"s:34:25:34:Infinity":12,"s:36:6:36:Infinity":13,"s:37:6:37:Infinity":14,"b:37:26:37:43:37:43:37:50":1,"b:39:6:41:Infinity:undefined:undefined:undefined:undefined":2,"s:39:6:41:Infinity":15,"s:40:8:40:Infinity":16,"s:43:6:43:Infinity":17,"s:44:6:44:Infinity":18,"b:44:42:44:57:44:57:44:72":3,"s:48:2:265:Infinity":19,"b:53:11:53:Infinity:54:12:56:Infinity":4,"b:58:35:58:49:58:49:58:Infinity":5,"b:60:16:60:Infinity:61:16:61:Infinity":6,"f:132:22:132:27":3,"s:133:14:164:Infinity":20,"b:137:19:137:Infinity:138:20:140:Infinity":7,"b:142:19:142:Infinity:143:20:145:Infinity":8,"b:155:40:155:76:155:76:155:Infinity":9,"b:224:76:224:110:224:110:224:118":10,"b:246:10:253:11:253:10:262:Infinity":11,"b:255:22:255:47:255:47:255:Infinity":12,"b:257:16:257:Infinity:258:16:258:Infinity":13,"b:256:79:256:104:256:104:256:Infinity":14},"fnNames":{}}}
,"/home/praseethaku/Documents/Calculator/promotioncalculator/Frontend/src/components/CouponSection.jsx": {"path":"/home/praseethaku/Documents/Calculator/promotioncalculator/Frontend/src/components/CouponSection.jsx","statementMap":{"0":{"start":{"line":2,"column":2},"end":{"line":12,"column":null}}},"fnMap":{"0":{"name":"CouponSection","decl":{"start":{"line":1,"column":24},"end":{"line":1,"column":38}},"loc":{"start":{"line":1,"column":59},"end":{"line":15,"column":null}},"line":1}},"branchMap":{},"s":{"0":14},"f":{"0":14},"b":{},"meta":{"lastBranch":0,"lastFunction":1,"lastStatement":1,"seen":{"f:1:24:1:38":0,"s:2:2:12:Infinity":0},"fnNames":{}}}
,"/home/praseethaku/Documents/Calculator/promotioncalculator/Frontend/src/components/CustomerDetails.jsx": {"path":"/home/praseethaku/Documents/Calculator/promotioncalculator/Frontend/src/components/CustomerDetails.jsx","statementMap":{"0":{"start":{"line":5,"column":30},"end":{"line":5,"column":null}},"1":{"start":{"line":6,"column":32},"end":{"line":6,"column":null}},"2":{"start":{"line":7,"column":28},"end":{"line":7,"column":null}},"3":{"start":{"line":9,"column":23},"end":{"line":29,"column":null}},"4":{"start":{"line":10,"column":4},"end":{"line":14,"column":null}},"5":{"start":{"line":11,"column":6},"end":{"line":11,"column":null}},"6":{"start":{"line":12,"column":6},"end":{"line":12,"column":null}},"7":{"start":{"line":13,"column":6},"end":{"line":13,"column":null}},"8":{"start":{"line":15,"column":4},"end":{"line":15,"column":null}},"9":{"start":{"line":16,"column":4},"end":{"line":16,"column":null}},"10":{"start":{"line":17,"column":4},"end":{"line":28,"column":null}},"11":{"start":{"line":18,"column":19},"end":{"line":18,"column":null}},"12":{"start":{"line":19,"column":6},"end":{"line":19,"column":null}},"13":{"start":{"line":21,"column":23},"end":{"line":21,"column":null}},"14":{"start":{"line":22,"column":6},"end":{"line":22,"column":null}},"15":{"start":{"line":24,"column":6},"end":{"line":24,"column":null}},"16":{"start":{"line":25,"column":6},"end":{"line":25,"column":null}},"17":{"start":{"line":27,"column":6},"end":{"line":27,"column":null}},"18":{"start":{"line":31,"column":2},"end":{"line":87,"column":null}},"19":{"start":{"line":43,"column":28},"end":{"line":43,"column":null}},"20":{"start":{"line":44,"column":16},"end":{"line":44,"column":null}},"21":{"start":{"line":45,"column":16},"end":{"line":48,"column":null}},"22":{"start":{"line":46,"column":18},"end":{"line":46,"column":null}},"23":{"start":{"line":47,"column":18},"end":{"line":47,"column":null}},"24":{"start":{"line":50,"column":32},"end":{"line":50,"column":null}}},"fnMap":{"0":{"name":"CustomerDetails","decl":{"start":{"line":4,"column":24},"end":{"line":4,"column":40}},"loc":{"start":{"line":4,"column":89},"end":{"line":89,"column":null}},"line":4},"1":{"name":"(anonymous_1)","decl":{"start":{"line":9,"column":23},"end":{"line":9,"column":35}},"loc":{"start":{"line":9,"column":35},"end":{"line":29,"column":null}},"line":9},"2":{"name":"(anonymous_2)","decl":{"start":{"line":42,"column":14},"end":{"line":42,"column":25}},"loc":{"start":{"line":42,"column":31},"end":{"line":49,"column":null}},"line":42},"3":{"name":"(anonymous_3)","decl":{"start":{"line":50,"column":14},"end":{"line":50,"column":26}},"loc":{"start":{"line":50,"column":32},"end":{"line":50,"column":null}},"line":50}},"branchMap":{"0":{"loc":{"start":{"line":5,"column":39},"end":{"line":5,"column":56}},"type":"binary-expr","locations":[{"start":{"line":5,"column":39},"end":{"line":5,"column":54}},{"start":{"line":5,"column":54},"end":{"line":5,"column":56}}],"line":5},"1":{"loc":{"start":{"line":10,"column":4},"end":{"line":14,"column":null}},"type":"if","locations":[{"start":{"line":10,"column":4},"end":{"line":14,"column":null}},{"start":{},"end":{}}],"line":10},"2":{"loc":{"start":{"line":45,"column":16},"end":{"line":48,"column":null}},"type":"if","locations":[{"start":{"line":45,"column":16},"end":{"line":48,"column":null}},{"start":{},"end":{}}],"line":45},"3":{"loc":{"start":{"line":50,"column":32},"end":{"line":50,"column":null}},"type":"binary-expr","locations":[{"start":{"line":50,"column":32},"end":{"line":50,"column":53}},{"start":{"line":50,"column":53},"end":{"line":50,"column":null}}],"line":50},"4":{"loc":{"start":{"line":56,"column":15},"end":{"line":61,"column":null}},"type":"cond-expr","locations":[{"start":{"line":57,"column":16},"end":{"line":59,"column":17}},{"start":{"line":59,"column":16},"end":{"line":61,"column":null}}],"line":56},"5":{"loc":{"start":{"line":65,"column":11},"end":{"line":65,"column":null}},"type":"binary-expr","locations":[{"start":{"line":65,"column":11},"end":{"line":65,"column":20}},{"start":{"line":65,"column":20},"end":{"line":65,"column":null}}],"line":65},"6":{"loc":{"start":{"line":71,"column":53},"end":{"line":71,"column":80}},"type":"binary-expr","locations":[{"start":{"line":71,"column":53},"end":{"line":71,"column":70}},{"start":{"line":71,"column":70},"end":{"line":71,"column":80}}],"line":71},"7":{"loc":{"start":{"line":76,"column":17},"end":{"line":76,"column":null}},"type":"cond-expr","locations":[{"start":{"line":76,"column":33},"end":{"line":76,"column":null}},{"start":{"line":76,"column":135},"end":{"line":76,"column":null}}],"line":76},"8":{"loc":{"start":{"line":82,"column":17},"end":{"line":82,"column":null}},"type":"cond-expr","locations":[{"start":{"line":82,"column":35},"end":{"line":82,"column":null}},{"start":{"line":82,"column":147},"end":{"line":82,"column":null}}],"line":82}},"s":{"0":32,"1":32,"2":32,"3":32,"4":6,"5":1,"6":1,"7":1,"8":5,"9":5,"10":5,"11":5,"12":4,"13":4,"14":4,"15":1,"16":1,"17":5,"18":32,"19":6,"20":6,"21":6,"22":1,"23":1,"24":0},"f":{"0":32,"1":6,"2":6,"3":0},"b":{"0":[32,19],"1":[1,5],"2":[1,5],"3":[0,0],"4":[5,27],"5":[32,1],"6":[32,21],"7":[11,21],"8":[11,21]},"meta":{"lastBranch":9,"lastFunction":4,"lastStatement":25,"seen":{"f:4:24:4:40":0,"s:5:30:5:Infinity":0,"b:5:39:5:54:5:54:5:56":0,"s:6:32:6:Infinity":1,"s:7:28:7:Infinity":2,"s:9:23:29:Infinity":3,"f:9:23:9:35":1,"b:10:4:14:Infinity:undefined:undefined:undefined:undefined":1,"s:10:4:14:Infinity":4,"s:11:6:11:Infinity":5,"s:12:6:12:Infinity":6,"s:13:6:13:Infinity":7,"s:15:4:15:Infinity":8,"s:16:4:16:Infinity":9,"s:17:4:28:Infinity":10,"s:18:19:18:Infinity":11,"s:19:6:19:Infinity":12,"s:21:23:21:Infinity":13,"s:22:6:22:Infinity":14,"s:24:6:24:Infinity":15,"s:25:6:25:Infinity":16,"s:27:6:27:Infinity":17,"s:31:2:87:Infinity":18,"f:42:14:42:25":2,"s:43:28:43:Infinity":19,"s:44:16:44:Infinity":20,"b:45:16:48:Infinity:undefined:undefined:undefined:undefined":2,"s:45:16:48:Infinity":21,"s:46:18:46:Infinity":22,"s:47:18:47:Infinity":23,"f:50:14:50:26":3,"s:50:32:50:Infinity":24,"b:50:32:50:53:50:53:50:Infinity":3,"b:57:16:59:17:59:16:61:Infinity":4,"b:65:11:65:20:65:20:65:Infinity":5,"b:71:53:71:70:71:70:71:80":6,"b:76:33:76:Infinity:76:135:76:Infinity":7,"b:82:35:82:Infinity:82:147:82:Infinity":8},"fnNames":{}}}
}
